#
# There is insufficient memory for the Java Runtime Environment to continue.
# Native memory allocation (malloc) failed to allocate 1048576 bytes for AllocateHeap
# Possible reasons:
#   The system is out of physical RAM or swap space
#   The process is running with CompressedOops enabled, and the Java Heap may be blocking the growth of the native heap
# Possible solutions:
#   Reduce memory load on the system
#   Increase physical memory or swap space
#   Check if swap backing store is full
#   Decrease Java heap size (-Xmx/-Xms)
#   Decrease number of Java threads
#   Decrease Java thread stack sizes (-Xss)
#   Set larger code cache with -XX:ReservedCodeCacheSize=
#   JVM is running with Unscaled Compressed Oops mode in which the Java heap is
#     placed in the first 4GB address space. The Java Heap base address is the
#     maximum limit for the native heap growth. Please use -XX:HeapBaseMinAddress
#     to set the Java Heap base and to place the Java Heap above 4GB virtual address.
# This output file may be truncated or incomplete.
#
#  Out of Memory Error (memory/allocation.inline.hpp:61), pid=30228, tid=0x0000000000007be8
#
# JRE version:  (8.0_211-b12) (build )
# Java VM: Java HotSpot(TM) 64-Bit Server VM (25.211-b12 mixed mode windows-amd64 compressed oops)
# Failed to write core dump. Minidumps are not enabled by default on client versions of Windows
#

---------------  T H R E A D  ---------------

Current thread (0x0000000002422800):  JavaThread "Unknown thread" [_thread_in_vm, id=31720, stack(0x00000000022f0000,0x00000000023f0000)]

Stack: [0x00000000022f0000,0x00000000023f0000]
[error occurred during error reporting (printing stack bounds), id 0xc0000005]

Native frames: (J=compiled Java code, j=interpreted, Vv=VM code, C=native code)


---------------  P R O C E S S  ---------------

Java Threads: ( => current thread )

Other Threads:

=>0x0000000002422800 (exited) JavaThread "Unknown thread" [_thread_in_vm, id=31720, stack(0x00000000022f0000,0x00000000023f0000)]

VM state:not at safepoint (normal execution)

VM Mutex/Monitor currently owned by a thread: None

heap address: 0x0000000091000000, size: 1776 MB, Compressed Oops mode: 32-bit
Narrow klass base: 0x0000000000000000, Narrow klass shift: 3
Compressed class space size: 1073741824 Address: 0x0000000100000000

Heap:
 PSYoungGen      total 2048K, used 30K [0x00000000db000000, 0x00000000db280000, 0x0000000100000000)
  eden space 1536K, 2% used [0x00000000db000000,0x00000000db007af0,0x00000000db180000)
  from space 512K, 0% used [0x00000000db200000,0x00000000db200000,0x00000000db280000)
  to   space 512K, 0% used [0x00000000db180000,0x00000000db180000,0x00000000db200000)
 ParOldGen       total 5632K, used 0K [0x0000000091000000, 0x0000000091580000, 0x00000000db000000)
  object space 5632K, 0% used [0x0000000091000000,0x0000000091000000,0x0000000091580000)
 Metaspace       used 775K, capacity 4480K, committed 4480K, reserved 1056768K
  class space    used 76K, capacity 384K, committed 384K, reserved 1048576K

Card table byte_map: [0x0000000011980000,0x0000000011d00000] byte_map_base: 0x00000000114f8000

Marking Bits: (ParMarkBitMap*) 0x0000000066395ce0
 Begin Bits: [0x0000000012350000, 0x0000000013f10000)
 End Bits:   [0x0000000013f10000, 0x0000000015ad0000)

Polling page: 0x00000000003f0000

CodeCache: size=245760Kb used=327Kb max_used=327Kb free=245432Kb
 bounds [0x00000000025c0000, 0x0000000002830000, 0x00000000115c0000]
 total_blobs=57 nmethods=0 adapters=38
 compilation: enabled

Compilation events (0 events):
No events

GC Heap History (0 events):
No events

Deoptimization events (0 events):
No events

Classes redefined (0 events):
No events

Internal exceptions (0 events):
No events

Events (10 events):
Event: 0.058 loading class java/lang/Short
Event: 0.058 loading class java/lang/Short done
Event: 0.058 loading class java/lang/Integer
Event: 0.058 loading class java/lang/Integer done
Event: 0.058 loading class java/lang/Long
Event: 0.058 loading class java/lang/Long done
Event: 0.060 loading class java/lang/NullPointerException
Event: 0.060 loading class java/lang/NullPointerException done
Event: 0.060 loading class java/lang/ArithmeticException
Event: 0.060 loading class java/lang/ArithmeticException done


Dynamic libraries:
0x00007ff63f720000 - 0x00007ff63f727000 	C:\Program Files\Java\jdk1.8.0_211\bin\javac.exe
0x00007ffe3a100000 - 0x00007ffe3a2f0000 	C:\WINDOWS\SYSTEM32\ntdll.dll
0x00007ffe38340000 - 0x00007ffe383f2000 	C:\WINDOWS\System32\KERNEL32.DLL
0x00007ffe374b0000 - 0x00007ffe37753000 	C:\WINDOWS\System32\KERNELBASE.dll
0x00007ffe26f80000 - 0x00007ffe26faf000 	C:\Program Files\Java\jdk1.8.0_211\bin\jli.dll
0x00007ffe38220000 - 0x00007ffe382c3000 	C:\WINDOWS\System32\ADVAPI32.dll
0x00007ffe38430000 - 0x00007ffe384ce000 	C:\WINDOWS\System32\msvcrt.dll
0x00007ffe38510000 - 0x00007ffe385a7000 	C:\WINDOWS\System32\sechost.dll
0x00007ffe388f0000 - 0x00007ffe38a10000 	C:\WINDOWS\System32\RPCRT4.dll
0x00007ffe38e40000 - 0x00007ffe38fd4000 	C:\WINDOWS\System32\USER32.dll
0x00007ffe380d0000 - 0x00007ffe380f1000 	C:\WINDOWS\System32\win32u.dll
0x00007ffe38400000 - 0x00007ffe38426000 	C:\WINDOWS\System32\GDI32.dll
0x00007ffe37170000 - 0x00007ffe37304000 	C:\WINDOWS\System32\gdi32full.dll
0x00007ffe37760000 - 0x00007ffe377fe000 	C:\WINDOWS\System32\msvcp_win.dll
0x00007ffe37380000 - 0x00007ffe3747a000 	C:\WINDOWS\System32\ucrtbase.dll
0x0000000067540000 - 0x0000000067612000 	C:\Program Files\Java\jdk1.8.0_211\bin\MSVCR100.dll
0x00007ffe26800000 - 0x00007ffe26a85000 	C:\WINDOWS\WinSxS\amd64_microsoft.windows.common-controls_6595b64144ccf1df_6.0.18362.476_none_e6c4b11b130f2595\COMCTL32.dll
0x00007ffe38a10000 - 0x00007ffe38d46000 	C:\WINDOWS\System32\combase.dll
0x00007ffe37090000 - 0x00007ffe37110000 	C:\WINDOWS\System32\bcryptPrimitives.dll
0x00007ffe384d0000 - 0x00007ffe384fe000 	C:\WINDOWS\System32\IMM32.DLL
0x0000000067460000 - 0x0000000067532000 	C:\Program Files\Java\jdk1.8.0_211\jre\bin\msvcr100.dll
0x0000000065b70000 - 0x0000000066415000 	C:\Program Files\Java\jdk1.8.0_211\jre\bin\server\jvm.dll
0x00007ffe38830000 - 0x00007ffe38838000 	C:\WINDOWS\System32\PSAPI.DLL
0x00007ffe337b0000 - 0x00007ffe337b9000 	C:\WINDOWS\SYSTEM32\WSOCK32.dll
0x00007ffe38dd0000 - 0x00007ffe38e3f000 	C:\WINDOWS\System32\WS2_32.dll
0x00007ffe34af0000 - 0x00007ffe34b14000 	C:\WINDOWS\SYSTEM32\WINMM.dll
0x00007ffe2f390000 - 0x00007ffe2f39a000 	C:\WINDOWS\SYSTEM32\VERSION.dll
0x00007ffe34ac0000 - 0x00007ffe34aed000 	C:\WINDOWS\SYSTEM32\winmmbase.dll
0x00007ffe37330000 - 0x00007ffe3737a000 	C:\WINDOWS\System32\cfgmgr32.dll
0x00007ffe34fe0000 - 0x00007ffe34fef000 	C:\Program Files\Java\jdk1.8.0_211\jre\bin\verify.dll
0x00007ffe23200000 - 0x00007ffe23229000 	C:\Program Files\Java\jdk1.8.0_211\jre\bin\java.dll
0x00007ffe231e0000 - 0x00007ffe231f6000 	C:\Program Files\Java\jdk1.8.0_211\jre\bin\zip.dll

VM Arguments:
jvm_args: -Denv.class.path=;C:\Program Files (x86)\Compac\SDK -Dapplication.home=C:\Program Files\Java\jdk1.8.0_211 -Xms8m 
java_command: com.sun.tools.javac.Main -cp ;C:/jar/conector-mysql.jar;componentes.jar Spaceship.java
java_class_path (initial): C:\Program Files\Java\jdk1.8.0_211/lib/tools.jar;C:\Program Files\Java\jdk1.8.0_211/classes
Launcher Type: SUN_STANDARD

Environment Variables:
CLASSPATH=;C:\Program Files (x86)\Compac\SDK
PATH=C:\Program Files\Microsoft MPI\Bin\;C:\Program Files\iis express\PHP\v7.1;C:\Program Files (x86)\Common Files\Oracle\Java\javapath;C:\WINDOWS\system32;C:\WINDOWS;C:\WINDOWS\System32\Wbem;C:\WINDOWS\System32\WindowsPowerShell\v1.0\;C:\WINDOWS\System32\OpenSSH\;C:\Program Files\Java\jdk1.8.0_211\bin;C:\Users\berna\AppData\Local\Programs\Python\Python37-32\Scripts\;C:\Users\berna\AppData\Local\Programs\Python\Python37-32\;C:\Users\berna\AppData\Local\Microsoft\WindowsApps;C:\adb;C:\Program Files (x86)\MySQL\MySQL Server 5.1\bin;C:\WINDOWS\system32;C:\WINDOWS;C:\WINDOWS\System32\Wbem;C:\WINDOWS\System32\WindowsPowerShell\v1.0\;C:\WINDOWS\System32\OpenSSH\;C:\Program Files\Sublime Text 3;C:\Program Files\Microsoft\Web Platform Installer\;C:\Program Files\Git\cmd;C:\Program Files (x86)\Microsoft SQL Server\130\Tools\Binn\;C:\Program Files\Microsoft SQL Server\130\Tools\Binn\;C:\Program Files (x86)\Microsoft SQL Server\130\DTS\Binn\;C:\Program Files\Microsoft SQL Server\130\DTS\Binn\;C:\Program Files\Microsoft SQL Server\Client SDK\ODBC\130\Tools\Binn\;C:\Program Files (x86)\Microsoft SQL Server\150\DTS\Binn\;C:\Program Files (x86)\Microsoft SQL Server\140\Tools\Binn\;C:\Program Files\Microsoft SQL Server\140\Tools\Binn\;C:\Program Files\Microsoft SQL Server\140\DTS\Binn\;C:\Program Files (x86)\Compac\SDK\Librerias Interfaz;C:\webdrivers;C:\ffmpeg\bin;C:\cmdPATH;C:\Users\berna\AppData\Local\Programs\Python\Python37-32\Scripts\;C:\Users\berna\AppData\Local\Programs\Python\Python37-32\;C:\Users\berna\AppData\Local\Microsoft\WindowsApps;C:\webdrivers;C:\cmdPATH\
USERNAME=berna
OS=Windows_NT
PROCESSOR_IDENTIFIER=AMD64 Family 22 Model 48 Stepping 1, AuthenticAMD



---------------  S Y S T E M  ---------------

OS: Windows 10.0 , 64 bit Build 18362 (10.0.18362.329)

CPU:total 4 (initial active 4) (4 cores per cpu, 1 threads per core) family 22 model 48 stepping 1, cmov, cx8, fxsr, mmx, sse, sse2, sse3, ssse3, sse4.1, sse4.2, popcnt, avx, aes, clmul, mmxext, 3dnowpref, lzcnt, sse4a, tsc, tscinvbit, tscinv, bmi1

Memory: 4k page, physical 7273616k(1317784k free), swap 29293712k(11996k free)

vm_info: Java HotSpot(TM) 64-Bit Server VM (25.211-b12) for windows-amd64 JRE (1.8.0_211-b12), built on Apr  1 2019 20:53:26 by "java_re" with MS VC++ 10.0 (VS2010)

time: Mon Dec 09 18:39:22 2019
timezone: Hora estándar Montañas (México)
elapsed time: 0 seconds (0d 0h 0m 0s)

